Пенг jyuudeiuk@mail.ru 33
Хенг ufcye@mail.ru 70
Пенг osumgk@gmail.com 11
Хенг oawjzsf@mail.ru 84
Хенг ymvyvsklw@mail.ru 29
Хенг eqkvo@ya.ru 42
Хенг fsuzdi@gmail.com 32
Пенг wwvfvtiy@mail.ru 42
Пенг xhjeukgws@mail.ru 58
Пенг xc@mail.ru 88
Хенг bnfsk@ya.ru 55
Хенг cj@gmail.com 64
Пенг opajmq@ya.ru 73
Хенг kjlyzsdaut@gmail.com 74
Хенг omv@ya.ru 44
Хенг zzil@mail.ru 90
Пенг ffeehwha@ya.ru 20
Пенг rccez@ya.ru 93
Хенг jot@gmail.com 73
Хенг hjjnrqb@gmail.com 77
Хенг etejcsbo@mail.ru 42
Хенг hzctyzj@ya.ru 94
Пенг bpyjvwd@ya.ru 77
Пенг jgmnxs@mail.ru 57
Хенг ax@gmail.com 55
Пенг vjr@gmail.com 64
Пенг hkgdyrjmx@gmail.com 50
Пенг odgctlr@gmail.com 68
Хенг smpuh@gmail.com 87
Хенг wpfozmwer@gmail.com 77
Пенг dwpqgsni@ya.ru 74
Хенг mtnmopujw@ya.ru 90
Хенг elrciam@ya.ru 99
Пенг har@mail.ru 85
Хенг vey@ya.ru 77
Хенг fbdyi@gmail.com 32
Хенг abm@gmail.com 82
Пенг ovfvtjvan@mail.ru 60
Хенг yjfmnxquk@mail.ru 77
Хенг pl@gmail.com 69
Пенг mpahktkmvf@ya.ru 29
Хенг aw@gmail.com 39
Пенг tnrmtieze@mail.ru 80
Хенг qa@gmail.com 75
Пенг nxi@ya.ru 28
Хенг ag@mail.ru 88
Пенг eypsc@mail.ru 39
Пенг rxxchprau@gmail.com 45
Пенг ocz@mail.ru 29
Хенг ybqyaac@mail.ru 74
Хенг gpp@mail.ru 82
Хенг tsayczm@ya.ru 23
Хенг vljg@ya.ru 25
Хенг ugrxukncrv@mail.ru 23
Хенг hfvgrxb@mail.ru 80
Пенг hf@gmail.com 43
Хенг vwwrzldbm@ya.ru 40
Хенг nuuq@ya.ru 27
Пенг logczj@ya.ru 89
Пенг yr@gmail.com 44
Хенг mghmemy@ya.ru 53
Пенг igheijov@gmail.com 59
Пенг swfw@gmail.com 11
Хенг nrldjp@ya.ru 15
Пенг oeklmsf@ya.ru 39
Хенг fzsbgtj@ya.ru 23
Хенг kccvgf@ya.ru 44
Пенг pabqgh@ya.ru 39
Пенг cupvlb@gmail.com 34
Пенг wyqpwpyn@ya.ru 91
Пенг sfqmk@mail.ru 51
Хенг ft@gmail.com 46
Хенг vjfb@mail.ru 26
Хенг nh@ya.ru 66
Хенг ujoas@ya.ru 59
Пенг dhqn@ya.ru 51
Хенг pjnc@ya.ru 94
Пенг pzsdroisyi@ya.ru 62
Пенг nkbfcijdt@gmail.com 62
Хенг avz@gmail.com 48
Пенг vqhi@ya.ru 22
Хенг mawykgb@ya.ru 92
Пенг zc@ya.ru 95
Хенг zug@mail.ru 48
Пенг ngwmvbp@mail.ru 34
Хенг haqdjnmnz@gmail.com 66
Хенг ziixzpo@ya.ru 17
Хенг spsr@mail.ru 41
Пенг yyomckpck@mail.ru 99
Пенг tcub@gmail.com 78
Хенг nerc@ya.ru 99
Пенг gtio@gmail.com 76
Хенг stwu@gmail.com 24
Хенг oaztfxp@gmail.com 27
Пенг kj@ya.ru 22
Хенг tqlckhek@mail.ru 37
Пенг rhtagiwkvb@mail.ru 96
Пенг egb@ya.ru 20
Хенг uriecnfcr@ya.ru 85
Хенг fckece@gmail.com 50
Пенг rraqhsuys@mail.ru 61
Пенг gcblj@ya.ru 86
Пенг gxlkpde@mail.ru 80
Пенг btpfyuisdy@ya.ru 50
Хенг bb@gmail.com 61
Пенг gwvv@gmail.com 66
Пенг ebhc@gmail.com 53
Хенг pemvvpz@ya.ru 39
Пенг mkwevtydh@ya.ru 26
Хенг gxfby@mail.ru 68
Пенг iz@ya.ru 19
Пенг mjqjhqwcf@mail.ru 13
Хенг hjvso@mail.ru 47
Пенг trtve@ya.ru 64
Хенг lqsurxn@gmail.com 25
Пенг hxhews@ya.ru 97
Пенг zgc@mail.ru 53
Пенг zailjk@ya.ru 39
Пенг uxjwjv@mail.ru 79
Хенг wszcto@gmail.com 55
Пенг yboyfmb@mail.ru 80
Пенг gqljtslhk@ya.ru 65
Пенг agzzeevwcr@gmail.com 55
Хенг nxnjgui@gmail.com 35
Пенг nmort@ya.ru 45
Хенг rkcjosam@gmail.com 46
Пенг zaiwz@mail.ru 57
Пенг tazswilkt@ya.ru 80
Пенг he@mail.ru 10
Хенг rt@mail.ru 91
Хенг uzogsojrgd@ya.ru 60
Пенг kkhc@mail.ru 80
Хенг mp@ya.ru 18
Хенг mbjaezgll@gmail.com 27
Хенг rolfglvckz@gmail.com 95
Хенг dfmmz@gmail.com 69
Хенг kqi@gmail.com 87
Пенг cv@mail.ru 68
Хенг rcjc@mail.ru 34
Пенг vrnszlzcxf@ya.ru 85
Хенг ubppuoccvy@gmail.com 11
Хенг xwta@ya.ru 23
Хенг or@ya.ru 67
Хенг tpce@ya.ru 35
Хенг mufcl@gmail.com 53
Пенг uuzry@ya.ru 38
Хенг tcetbb@gmail.com 91
Хенг nzi@ya.ru 13
Хенг nacdma@mail.ru 47
Пенг uac@ya.ru 89
Хенг tghstgv@gmail.com 68
Пенг digaixqrpd@gmail.com 38
Пенг pgtwlblr@ya.ru 42
Пенг mburg@ya.ru 31
Хенг rvouox@ya.ru 98
Хенг nclyazk@gmail.com 75
Хенг wifs@ya.ru 61
Хенг zgpirnbokf@mail.ru 82
Хенг vnclu@mail.ru 59
Хенг mbbjeb@gmail.com 49
Хенг ztp@ya.ru 90
Хенг ky@gmail.com 55
Хенг mvoctaoqh@ya.ru 97
Хенг psvmllocx@mail.ru 69
Хенг vszpsgd@mail.ru 41
Пенг be@mail.ru 56
Хенг qon@gmail.com 84
Пенг ustwwemz@mail.ru 43
Хенг fradtsr@mail.ru 66
Пенг yjzbbj@gmail.com 37
Хенг qq@gmail.com 31
Пенг tmau@ya.ru 34
Хенг dzi@mail.ru 98
Хенг dk@gmail.com 30
Хенг auqykefp@mail.ru 66
Хенг mykgefpg@gmail.com 50
Хенг suvqsg@gmail.com 36
Пенг mvsqfaue@gmail.com 41
Пенг fsvt@ya.ru 12
Пенг wrijavwty@gmail.com 72
Хенг qakkqcmn@mail.ru 53
Пенг wfx@mail.ru 40
Хенг yceszvbx@ya.ru 66
Пенг eryraajf@mail.ru 60
Хенг fx@ya.ru 69
Пенг qc@mail.ru 26
Хенг lovldufs@ya.ru 11
Пенг mqg@mail.ru 75
Хенг dcg@ya.ru 36
Пенг bnnjigbkbe@gmail.com 95
Хенг xzvajlny@ya.ru 61
Пенг qtmwujcgib@mail.ru 84
Пенг azlmxswgx@ya.ru 65
Хенг zifj@gmail.com 67
Пенг jvradcw@ya.ru 89
Пенг hhamkx@gmail.com 76
Пенг ftbxuff@ya.ru 39
Пенг gnsvam@mail.ru 71
Пенг fodhem@gmail.com 13
Пенг bbopwkrq@gmail.com 21
Хенг kcc@mail.ru 62
Пенг tgadnz@mail.ru 36
Хенг ufmrcgjhyp@gmail.com 12
Хенг lbiozq@mail.ru 25
Хенг jjffivlmcz@mail.ru 57
Пенг kqjxdhhdqf@ya.ru 45
Пенг ofn@ya.ru 96
Хенг lonjduyn@gmail.com 43
Хенг jovjzs@mail.ru 90
Хенг paiw@gmail.com 55
Пенг ysw@ya.ru 19
Пенг cno@mail.ru 95
Хенг shyzcyqh@gmail.com 79
Хенг ehtzzxdgi@mail.ru 61
Хенг aoljlndye@mail.ru 18
Пенг ykmg@mail.ru 92
Хенг fueixr@mail.ru 16
Пенг deukcm@mail.ru 23
Хенг ooeosucjyf@mail.ru 56
Хенг xcji@gmail.com 87
Пенг uuaydhks@gmail.com 86
Пенг owseppvuhp@gmail.com 15
Пенг ctwijpwz@ya.ru 95
Пенг jni@gmail.com 63
Пенг tlm@ya.ru 26
Хенг ka@gmail.com 94
Хенг oyk@ya.ru 54
Пенг bmqjnslcd@gmail.com 94
Хенг bhvgvw@gmail.com 45
Хенг inmvbwg@gmail.com 10
Хенг ed@ya.ru 19
Пенг fqgxofxxs@ya.ru 74
Хенг ik@ya.ru 99
Хенг txlbhtf@ya.ru 55
Хенг yljdzmqll@ya.ru 40
Хенг efchl@ya.ru 92
Пенг bibubahejl@gmail.com 92
Пенг bosxrvvixa@ya.ru 54
Пенг rolnchw@ya.ru 52
Пенг kekhxwqasx@ya.ru 22
Хенг vxdpqh@ya.ru 57
Хенг pkghl@ya.ru 60
Пенг pjj@ya.ru 51
Хенг xkmhaikqv@ya.ru 57
Пенг vf@gmail.com 52
Пенг bvvwhnctcc@gmail.com 26
Пенг nnizhltx@gmail.com 87
Пенг mo@gmail.com 15
Хенг hx@gmail.com 75
Пенг vxy@mail.ru 12
Пенг iihytt@mail.ru 34
Хенг eqjf@gmail.com 45
Пенг kc@ya.ru 15
Пенг au@ya.ru 81
Пенг wswzxmdk@mail.ru 68
Пенг olopgo@ya.ru 46
Хенг vohgwevedk@gmail.com 95
Пенг jcyfyc@ya.ru 63
Пенг jvnqxhnlmp@mail.ru 94
Пенг tlimkxxl@mail.ru 86
Хенг cmwnlup@ya.ru 85
Пенг ecpgmzos@mail.ru 64
Пенг yeh@mail.ru 20
Хенг lxzqgfe@gmail.com 70
Хенг kilwrxleu@ya.ru 41
Хенг tqpmmqza@gmail.com 15
Хенг fheq@gmail.com 98
Хенг ljhensv@gmail.com 98
Пенг kbjrrput@ya.ru 44
Пенг eklkvke@gmail.com 40
Пенг qpepyutpp@mail.ru 30
Пенг acmak@mail.ru 47
Пенг hsb@ya.ru 28
Пенг fm@ya.ru 20
Пенг wbejpqi@mail.ru 52
Пенг dhhnfosvgr@gmail.com 43
Пенг mdcj@gmail.com 45
Пенг ck@gmail.com 17
Пенг ruuhsa@ya.ru 38
Хенг ccpiusfo@ya.ru 84
Пенг tnxgoumwve@gmail.com 24
Пенг olgkbzv@ya.ru 24
Пенг widhxesu@mail.ru 12
Хенг ikbfo@mail.ru 86
Пенг ghxsyegmi@mail.ru 70
Хенг yoa@ya.ru 40
Хенг angxbcnk@gmail.com 19
Пенг nemlxqwohd@gmail.com 91
Пенг emwgnisn@gmail.com 36
Пенг fcbwwiuxhz@mail.ru 14
Хенг kleqrnwb@mail.ru 30
Хенг guelcnrqdw@gmail.com 28
Пенг nmbycc@gmail.com 54
Хенг mjg@mail.ru 77
Хенг olyv@ya.ru 32
Пенг qhvgvv@ya.ru 13
Пенг sm@ya.ru 23
Хенг fg@gmail.com 31
Хенг dav@gmail.com 90
Хенг fzt@ya.ru 69
Хенг uw@gmail.com 64
Пенг vlvltkrcc@ya.ru 21
Хенг zywtxyehox@ya.ru 23
Хенг yjuxuztiuo@mail.ru 16
Пенг fhdlirpwg@mail.ru 10
Пенг ftyy@mail.ru 81
Хенг rishr@ya.ru 50
Хенг sovpimlv@mail.ru 56
Пенг phsydm@gmail.com 42
Пенг csurvqsmq@ya.ru 34
Пенг cwkav@ya.ru 37
Пенг hpxqm@mail.ru 92
Пенг yulncyoadg@ya.ru 71
Пенг xrbdep@gmail.com 66
Хенг hrvuhzpwhg@mail.ru 99
Пенг dudg@mail.ru 33
Хенг vunx@ya.ru 25
Пенг mctypfjb@gmail.com 58
Пенг jnuzng@ya.ru 83
Пенг fukxnfi@ya.ru 60
Пенг ikk@ya.ru 32
Пенг pqidfuec@mail.ru 82
Пенг yz@ya.ru 36
Пенг zpdtfgfnlw@ya.ru 15
Хенг eosrj@mail.ru 44
Пенг qv@gmail.com 43
Хенг kd@gmail.com 61
Хенг wkjwcn@mail.ru 76
Хенг zmdmpcfu@ya.ru 59
Хенг jhdp@ya.ru 87
Пенг goxufrbcm@mail.ru 56
Хенг nimetoqmc@mail.ru 55
Пенг ll@ya.ru 37
Хенг vatgibhos@gmail.com 53
Пенг fbbm@mail.ru 83
Хенг ddvdstkdbw@ya.ru 19
Пенг njolrw@ya.ru 84
Пенг jbip@gmail.com 37
Хенг ur@ya.ru 27
Пенг ksme@mail.ru 80
Пенг gvammqnhk@gmail.com 59
Пенг dtr@ya.ru 11
Пенг ll@mail.ru 68
Пенг hwkmcg@ya.ru 11
Хенг es@ya.ru 87
Пенг cjcy@ya.ru 71
Пенг boryb@gmail.com 59
Пенг ntcczvuc@ya.ru 18
Хенг patyo@gmail.com 10
Хенг nidrrp@mail.ru 49
Хенг yulkwaxhvh@mail.ru 58
Пенг ufeef@gmail.com 41
Пенг fleswdxxu@ya.ru 97
Хенг czyppejvvw@ya.ru 31
Хенг nbrzdbuqan@gmail.com 32
Пенг vu@gmail.com 66
Хенг hdrlqtz@mail.ru 54
Пенг xolv@ya.ru 68
Пенг jhvrzbx@mail.ru 80
Хенг caxy@gmail.com 33
Хенг woxpmmyl@ya.ru 13
Хенг etbfsenlf@ya.ru 75
Хенг gxs@gmail.com 48
Пенг rxawu@ya.ru 19
Пенг eb@mail.ru 55
Хенг evf@ya.ru 56
